2019-11-17 20:24:50 5368 mysqld_safe Starting mysqld daemon with databases from /opt/lampp/var/mysql
2019-11-17 20:24:50 139825308837696 [Note] Using unique option prefix 'key_buffer' is error-prone and can break in the future. Please use the full name 'key_buffer_size' instead.
2019-11-17 20:24:50 139825308837696 [Note] /opt/lampp/sbin/mysqld (mysqld 10.1.38-MariaDB) starting as process 5513 ...
2019-11-17 20:24:50 139825308837696 [Note] InnoDB: innodb_empty_free_list_algorithm has been changed to legacy because of small buffer pool size. In order to use backoff, increase buffer pool at least up to 20MB.

2019-11-17 20:24:50 139825308837696 [Note] InnoDB: Using mutexes to ref count buffer pool pages
2019-11-17 20:24:50 139825308837696 [Note] InnoDB: The InnoDB memory heap is disabled
2019-11-17 20:24:50 139825308837696 [Note] InnoDB: Mutexes and rw_locks use GCC atomic builtins
2019-11-17 20:24:50 139825308837696 [Note] InnoDB: GCC builtin __sync_synchronize() is used for memory barrier
2019-11-17 20:24:50 139825308837696 [Note] InnoDB: Compressed tables use zlib 1.2.11
2019-11-17 20:24:50 139825308837696 [Note] InnoDB: Using SSE crc32 instructions
2019-11-17 20:24:50 139825308837696 [Note] InnoDB: Initializing buffer pool, size = 16.0M
2019-11-17 20:24:50 139825308837696 [Note] InnoDB: Completed initialization of buffer pool
2019-11-17 20:24:50 139825308837696 [Note] InnoDB: Highest supported file format is Barracuda.
2019-11-17 20:24:50 139825308837696 [Note] InnoDB: 128 rollback segment(s) are active.
2019-11-17 20:24:50 139825308837696 [Note] InnoDB: Waiting for purge to start
2019-11-17 20:24:50 139825308837696 [Note] InnoDB:  Percona XtraDB (http://www.percona.com) 5.6.42-84.2 started; log sequence number 1762733
2019-11-17 20:24:50 139824908449536 [Note] InnoDB: Dumping buffer pool(s) not yet started
2019-11-17 20:24:50 139825308837696 [Note] Plugin 'FEEDBACK' is disabled.
2019-11-17 20:24:50 139825308837696 [Note] Server socket created on IP: '::'.
2019-11-17 20:24:50 139825308837696 [Note] /opt/lampp/sbin/mysqld: ready for connections.
Version: '10.1.38-MariaDB'  socket: '/opt/lampp/var/mysql/mysql.sock'  port: 3306  Source distribution
2019-11-17 20:26:10 139825210940160 [Note] /opt/lampp/sbin/mysqld: Normal shutdown
2019-11-17 20:26:10 139825210940160 [Note] Event Scheduler: Purging the queue. 0 events
2019-11-17 20:26:10 139824942020352 [Note] InnoDB: FTS optimize thread exiting.
2019-11-17 20:26:10 139825210940160 [Note] InnoDB: Starting shutdown...
2019-11-17 20:26:10 139825210940160 [Note] InnoDB: Waiting for page_cleaner to finish flushing of buffer pool
2019-11-17 20:26:12 139825210940160 [Note] InnoDB: Shutdown completed; log sequence number 1762893
2019-11-17 20:26:12 139825210940160 [Note] /opt/lampp/sbin/mysqld: Shutdown complete

2019-11-17 20:26:12 5368 mysqld_safe mysqld from pid file /opt/lampp/var/mysql/7925ea5cf094.pid ended
2019-11-17 20:26:13 5803 mysqld_safe Starting mysqld daemon with databases from /opt/lampp/var/mysql
2019-11-17 20:26:14 140622873442112 [Note] Using unique option prefix 'key_buffer' is error-prone and can break in the future. Please use the full name 'key_buffer_size' instead.
2019-11-17 20:26:14 140622873442112 [Note] /opt/lampp/sbin/mysqld (mysqld 10.1.38-MariaDB) starting as process 5948 ...
2019-11-17 20:26:14 140622873442112 [Note] InnoDB: innodb_empty_free_list_algorithm has been changed to legacy because of small buffer pool size. In order to use backoff, increase buffer pool at least up to 20MB.

2019-11-17 20:26:14 140622873442112 [Note] InnoDB: Using mutexes to ref count buffer pool pages
2019-11-17 20:26:14 140622873442112 [Note] InnoDB: The InnoDB memory heap is disabled
2019-11-17 20:26:14 140622873442112 [Note] InnoDB: Mutexes and rw_locks use GCC atomic builtins
2019-11-17 20:26:14 140622873442112 [Note] InnoDB: GCC builtin __sync_synchronize() is used for memory barrier
2019-11-17 20:26:14 140622873442112 [Note] InnoDB: Compressed tables use zlib 1.2.11
2019-11-17 20:26:14 140622873442112 [Note] InnoDB: Using SSE crc32 instructions
2019-11-17 20:26:14 140622873442112 [Note] InnoDB: Initializing buffer pool, size = 16.0M
2019-11-17 20:26:14 140622873442112 [Note] InnoDB: Completed initialization of buffer pool
2019-11-17 20:26:14 140622873442112 [Note] InnoDB: Highest supported file format is Barracuda.
2019-11-17 20:26:14 140622873442112 [Note] InnoDB: 128 rollback segment(s) are active.
2019-11-17 20:26:14 140622873442112 [Note] InnoDB: Waiting for purge to start
2019-11-17 20:26:14 140622873442112 [Note] InnoDB:  Percona XtraDB (http://www.percona.com) 5.6.42-84.2 started; log sequence number 1762893
2019-11-17 20:26:14 140622542542592 [Note] InnoDB: Dumping buffer pool(s) not yet started
2019-11-17 20:26:14 140622873442112 [Note] Plugin 'FEEDBACK' is disabled.
2019-11-17 20:26:14 140622873442112 [Note] Server socket created on IP: '::'.
2019-11-17 20:26:14 140622873442112 [Note] /opt/lampp/sbin/mysqld: ready for connections.
Version: '10.1.38-MariaDB'  socket: '/opt/lampp/var/mysql/mysql.sock'  port: 3306  Source distribution
2019-11-17 20:27:03 140622622292736 [Note] /opt/lampp/sbin/mysqld: Normal shutdown
2019-11-17 20:27:03 140622622292736 [Note] Event Scheduler: Purging the queue. 0 events
2019-11-17 20:27:03 140622576113408 [Note] InnoDB: FTS optimize thread exiting.
2019-11-17 20:27:03 140622622292736 [Note] InnoDB: Starting shutdown...
2019-11-17 20:27:04 140622622292736 [Note] InnoDB: Waiting for page_cleaner to finish flushing of buffer pool
2019-11-17 20:27:05 140622622292736 [Note] InnoDB: Shutdown completed; log sequence number 1762903
2019-11-17 20:27:05 140622622292736 [Note] /opt/lampp/sbin/mysqld: Shutdown complete

2019-11-17 20:27:05 5803 mysqld_safe mysqld from pid file /opt/lampp/var/mysql/7925ea5cf094.pid ended
2019-11-17 20:27:08 6223 mysqld_safe Starting mysqld daemon with databases from /opt/lampp/var/mysql
2019-11-17 20:27:08 140286407518016 [Note] Using unique option prefix 'key_buffer' is error-prone and can break in the future. Please use the full name 'key_buffer_size' instead.
2019-11-17 20:27:08 140286407518016 [Note] /opt/lampp/sbin/mysqld (mysqld 10.1.38-MariaDB) starting as process 6369 ...
2019-11-17 20:27:08 140286407518016 [Note] InnoDB: innodb_empty_free_list_algorithm has been changed to legacy because of small buffer pool size. In order to use backoff, increase buffer pool at least up to 20MB.

2019-11-17 20:27:08 140286407518016 [Note] InnoDB: Using mutexes to ref count buffer pool pages
2019-11-17 20:27:08 140286407518016 [Note] InnoDB: The InnoDB memory heap is disabled
2019-11-17 20:27:08 140286407518016 [Note] InnoDB: Mutexes and rw_locks use GCC atomic builtins
2019-11-17 20:27:08 140286407518016 [Note] InnoDB: GCC builtin __sync_synchronize() is used for memory barrier
2019-11-17 20:27:08 140286407518016 [Note] InnoDB: Compressed tables use zlib 1.2.11
2019-11-17 20:27:08 140286407518016 [Note] InnoDB: Using SSE crc32 instructions
2019-11-17 20:27:08 140286407518016 [Note] InnoDB: Initializing buffer pool, size = 16.0M
2019-11-17 20:27:08 140286407518016 [Note] InnoDB: Completed initialization of buffer pool
2019-11-17 20:27:08 140286407518016 [Note] InnoDB: Highest supported file format is Barracuda.
2019-11-17 20:27:08 140286407518016 [Note] InnoDB: 128 rollback segment(s) are active.
2019-11-17 20:27:08 140286407518016 [Note] InnoDB: Waiting for purge to start
2019-11-17 20:27:08 140286407518016 [Note] InnoDB:  Percona XtraDB (http://www.percona.com) 5.6.42-84.2 started; log sequence number 1762903
2019-11-17 20:27:08 140286076278528 [Note] InnoDB: Dumping buffer pool(s) not yet started
2019-11-17 20:27:08 140286407518016 [Note] Plugin 'FEEDBACK' is disabled.
2019-11-17 20:27:08 140286407518016 [Note] Server socket created on IP: '::'.
2019-11-17 20:27:08 140286407518016 [Note] /opt/lampp/sbin/mysqld: ready for connections.
Version: '10.1.38-MariaDB'  socket: '/opt/lampp/var/mysql/mysql.sock'  port: 3306  Source distribution
