2019-12-25 02:11:24 139 mysqld_safe Starting mysqld daemon with databases from /opt/lampp/var/mysql
2019-12-25  2:11:24 139696769468224 [Note] Using unique option prefix 'key_buffer' is error-prone and can break in the future. Please use the full name 'key_buffer_size' instead.
2019-12-25  2:11:24 139696769468224 [Note] /opt/lampp/sbin/mysqld (mysqld 10.1.37-MariaDB) starting as process 284 ...
2019-12-25  2:11:24 139696769468224 [Note] InnoDB: innodb_empty_free_list_algorithm has been changed to legacy because of small buffer pool size. In order to use backoff, increase buffer pool at least up to 20MB.

2019-12-25  2:11:24 139696769468224 [Note] InnoDB: Using mutexes to ref count buffer pool pages
2019-12-25  2:11:24 139696769468224 [Note] InnoDB: The InnoDB memory heap is disabled
2019-12-25  2:11:24 139696769468224 [Note] InnoDB: Mutexes and rw_locks use GCC atomic builtins
2019-12-25  2:11:24 139696769468224 [Note] InnoDB: GCC builtin __sync_synchronize() is used for memory barrier
2019-12-25  2:11:24 139696769468224 [Note] InnoDB: Compressed tables use zlib 1.2.11
2019-12-25  2:11:24 139696769468224 [Note] InnoDB: Using SSE crc32 instructions
2019-12-25  2:11:24 139696769468224 [Note] InnoDB: Initializing buffer pool, size = 16.0M
2019-12-25  2:11:24 139696769468224 [Note] InnoDB: Completed initialization of buffer pool
2019-12-25  2:11:24 139696769468224 [Note] InnoDB: Highest supported file format is Barracuda.
2019-12-25  2:11:24 139696769468224 [Note] InnoDB: The log sequence number 1762903 in ibdata file do not match the log sequence number 3341593 in the ib_logfiles!
2019-12-25  2:11:25 139696769468224 [Note] InnoDB: Restoring possible half-written data pages from the doublewrite buffer...
2019-12-25  2:11:25 139696769468224 [Note] InnoDB: 128 rollback segment(s) are active.
2019-12-25  2:11:25 139696769468224 [Note] InnoDB: Waiting for purge to start
2019-12-25  2:11:25 139696769468224 [Note] InnoDB:  Percona XtraDB (http://www.percona.com) 5.6.41-84.1 started; log sequence number 3341593
2019-12-25  2:11:25 139696218826496 [Note] InnoDB: Dumping buffer pool(s) not yet started
2019-12-25  2:11:25 139696769468224 [Note] Plugin 'FEEDBACK' is disabled.
2019-12-25  2:11:25 139696769468224 [Note] Recovering after a crash using tc.log
2019-12-25  2:11:25 139696769468224 [Note] Starting crash recovery...
2019-12-25  2:11:25 139696769468224 [Note] Crash recovery finished.
2019-12-25  2:11:25 139696769468224 [Note] Server socket created on IP: '::'.
2019-12-25  2:11:25 139696769468224 [Note] /opt/lampp/sbin/mysqld: ready for connections.
Version: '10.1.37-MariaDB'  socket: '/opt/lampp/var/mysql/mysql.sock'  port: 3306  Source distribution
